[2017-05-02 17:24:44] local.ERROR: Symfony\Component\Debug\Exception\FatalThrowableError: Class 'Symfony\Component\Routing\Route' not found in /home/vagrant/Code/project/vendor/symfony/routing/Route.php:21
Stack trace:
#0 /home/vagrant/Code/project/vendor/composer/ClassLoader.php(444): include()
#1 /home/vagrant/Code/project/vendor/composer/ClassLoader.php(322): Composer\Autoload\includeFile('/home/vagrant/C...')
#2 [internal function]: Composer\Autoload\ClassLoader->loadClass('Symfony\\Compone...')
#3 /home/vagrant/Code/project/vendor/laravel/framework/src/Illuminate/Routing/RouteCompiler.php(39): spl_autoload_call('Symfony\\Compone...')
#4 /home/vagrant/Code/project/vendor/laravel/framework/src/Illuminate/Routing/Route.php(275): Illuminate\Routing\RouteCompiler->compile()
#5 /home/vagrant/Code/project/vendor/laravel/framework/src/Illuminate/Routing/Route.php(252): Illuminate\Routing\Route->compileRoute()
#6 /home/vagrant/Code/project/vendor/laravel/framework/src/Illuminate/Routing/RouteCollection.php(193): Illuminate\Routing\Route->matches(Object(Illuminate\Http\Request), true)
#7 [internal function]: Illuminate\Routing\RouteCollection->Illuminate\Routing\{closure}(Object(Illuminate\Routing\Route), 'api/user')
#8 /home/vagrant/Code/project/vendor/laravel/framework/src/Illuminate/Support/Arr.php(147): call_user_func(Object(Closure), Object(Illuminate\Routing\Route), 'api/user')
#9 /home/vagrant/Code/project/vendor/laravel/framework/src/Illuminate/Routing/RouteCollection.php(194): Illuminate\Support\Arr::first(Array, Object(Closure))
#10 /home/vagrant/Code/project/vendor/laravel/framework/src/Illuminate/Routing/RouteCollection.php(164): Illuminate\Routing\RouteCollection->matchAgainstRoutes(Array, Object(Illuminate\Http\Request))
#11 /home/vagrant/Code/project/vendor/laravel/framework/src/Illuminate/Routing/Router.php(533): Illuminate\Routing\RouteCollection->match(Object(Illuminate\Http\Request))
#12 /home/vagrant/Code/project/vendor/laravel/framework/src/Illuminate/Routing/Router.php(512): Illuminate\Routing\Router->findRoute(Object(Illuminate\Http\Request))
#13 /home/vagrant/Code/project/vendor/laravel/framework/src/Illuminate/Routing/Router.php(498): Illuminate\Routing\Router->dispatchToRoute(Object(Illuminate\Http\Request))
#14 /home/vagrant/Code/project/vendor/laravel/framework/src/Illuminate/Foundation/Http/Kernel.php(174): Illuminate\Routing\Router->dispatch(Object(Illuminate\Http\Request))
#15 /home/vagrant/Code/project/vendor/laravel/framework/src/Illuminate/Routing/Pipeline.php(30): Illuminate\Foundation\Http\Kernel->Illuminate\Foundation\Http\{closure}(Object(Illuminate\Http\Request))
#16 /home/vagrant/Code/project/vendor/laravel/framework/src/Illuminate/Foundation/Http/Middleware/TransformsRequest.php(30): Illuminate\Routing\Pipeline->Illuminate\Routing\{closure}(Object(Illuminate\Http\Request))
#17 /home/vagrant/Code/project/vendor/laravel/framework/src/Illuminate/Pipeline/Pipeline.php(148): Illuminate\Foundation\Http\Middleware\TransformsRequest->handle(Object(Illuminate\Http\Request), Object(Closure))
#18 /home/vagrant/Code/project/vendor/laravel/framework/src/Illuminate/Routing/Pipeline.php(53): Illuminate\Pipeline\Pipeline->Illuminate\Pipeline\{closure}(Object(Illuminate\Http\Request))
#19 /home/vagrant/Code/project/vendor/laravel/framework/src/Illuminate/Foundation/Http/Middleware/TransformsRequest.php(30): Illuminate\Routing\Pipeline->Illuminate\Routing\{closure}(Object(Illuminate\Http\Request))
#20 /home/vagrant/Code/project/vendor/laravel/framework/src/Illuminate/Pipeline/Pipeline.php(148): Illuminate\Foundation\Http\Middleware\TransformsRequest->handle(Object(Illuminate\Http\Request), Object(Closure))
#21 /home/vagrant/Code/project/vendor/laravel/framework/src/Illuminate/Routing/Pipeline.php(53): Illuminate\Pipeline\Pipeline->Illuminate\Pipeline\{closure}(Object(Illuminate\Http\Request))
#22 /home/vagrant/Code/project/vendor/laravel/framework/src/Illuminate/Foundation/Http/Middleware/ValidatePostSize.php(27): Illuminate\Routing\Pipeline->Illuminate\Routing\{closure}(Object(Illuminate\Http\Request))
#23 /home/vagrant/Code/project/vendor/laravel/framework/src/Illuminate/Pipeline/Pipeline.php(148): Illuminate\Foundation\Http\Middleware\ValidatePostSize->handle(Object(Illuminate\Http\Request), Object(Closure))
#24 /home/vagrant/Code/project/vendor/laravel/framework/src/Illuminate/Routing/Pipeline.php(53): Illuminate\Pipeline\Pipeline->Illuminate\Pipeline\{closure}(Object(Illuminate\Http\Request))
#25 /home/vagrant/Code/project/vendor/laravel/framework/src/Illuminate/Foundation/Http/Middleware/CheckForMaintenanceMode.php(46): Illuminate\Routing\Pipeline->Illuminate\Routing\{closure}(Object(Illuminate\Http\Request))
#26 /home/vagrant/Code/project/vendor/laravel/framework/src/Illuminate/Pipeline/Pipeline.php(148): Illuminate\Foundation\Http\Middleware\CheckForMaintenanceMode->handle(Object(Illuminate\Http\Request), Object(Closure))
#27 /home/vagrant/Code/project/vendor/laravel/framework/src/Illuminate/Routing/Pipeline.php(53): Illuminate\Pipeline\Pipeline->Illuminate\Pipeline\{closure}(Object(Illuminate\Http\Request))
#28 /home/vagrant/Code/project/vendor/laravel/framework/src/Illuminate/Pipeline/Pipeline.php(102): Illuminate\Routing\Pipeline->Illuminate\Routing\{closure}(Object(Illuminate\Http\Request))
#29 /home/vagrant/Code/project/vendor/laravel/framework/src/Illuminate/Foundation/Http/Kernel.php(149): Illuminate\Pipeline\Pipeline->then(Object(Closure))
#30 /home/vagrant/Code/project/vendor/laravel/framework/src/Illuminate/Foundation/Http/Kernel.php(116): Illuminate\Foundation\Http\Kernel->sendRequestThroughRouter(Object(Illuminate\Http\Request))
#31 /home/vagrant/Code/project/public/index.php(53): Illuminate\Foundation\Http\Kernel->handle(Object(Illuminate\Http\Request))
#32 {main}  
[2017-05-02 17:45:17] local.ERROR: Symfony\Component\Debug\Exception\FatalThrowableError: Call to undefined method Illuminate\Routing\Route::get() in /home/vagrant/Code/project/vendor/laravel/framework/src/Illuminate/Routing/Route.php:825
Stack trace:
#0 /home/vagrant/Code/project/vendor/composer/ClassLoader.php(444): include()
#1 /home/vagrant/Code/project/vendor/composer/ClassLoader.php(322): Composer\Autoload\includeFile('/home/vagrant/C...')
#2 [internal function]: Composer\Autoload\ClassLoader->loadClass('Illuminate\\Rout...')
#3 /home/vagrant/Code/project/vendor/laravel/framework/src/Illuminate/Routing/Router.php(446): spl_autoload_call('Illuminate\\Rout...')
#4 /home/vagrant/Code/project/vendor/laravel/framework/src/Illuminate/Routing/Router.php(365): Illuminate\Routing\Router->newRoute(Array, 'api/user', Array)
#5 /home/vagrant/Code/project/vendor/laravel/framework/src/Illuminate/Routing/Router.php(344): Illuminate\Routing\Router->createRoute(Array, '/user', Array)
#6 /home/vagrant/Code/project/vendor/laravel/framework/src/Illuminate/Routing/Router.php(134): Illuminate\Routing\Router->addRoute(Array, '/user', Array)
#7 /home/vagrant/Code/project/vendor/laravel/framework/src/Illuminate/Routing/RouteRegistrar.php(134): Illuminate\Routing\Router->get('/user', Array)
#8 /home/vagrant/Code/project/vendor/laravel/framework/src/Illuminate/Routing/RouteRegistrar.php(166): Illuminate\Routing\RouteRegistrar->registerRoute('get', '/user', Array)
#9 /home/vagrant/Code/project/routes/api.php(18): Illuminate\Routing\RouteRegistrar->__call('get', Array)
#10 /home/vagrant/Code/project/vendor/laravel/framework/src/Illuminate/Routing/Router.php(314): require('/home/vagrant/C...')
#11 /home/vagrant/Code/project/vendor/laravel/framework/src/Illuminate/Routing/Router.php(270): Illuminate\Routing\Router->loadRoutes('/home/vagrant/C...')
#12 /home/vagrant/Code/project/vendor/laravel/framework/src/Illuminate/Routing/RouteRegistrar.php(104): Illuminate\Routing\Router->group(Array, '/home/vagrant/C...')
#13 /home/vagrant/Code/project/app/Providers/RouteServiceProvider.php(71): Illuminate\Routing\RouteRegistrar->group('/home/vagrant/C...')
#14 /home/vagrant/Code/project/app/Providers/RouteServiceProvider.php(38): App\Providers\RouteServiceProvider->mapApiRoutes()
#15 [internal function]: App\Providers\RouteServiceProvider->map()
#16 /home/vagrant/Code/project/vendor/laravel/framework/src/Illuminate/Container/BoundMethod.php(29): call_user_func_array(Array, Array)
#17 /home/vagrant/Code/project/vendor/laravel/framework/src/Illuminate/Container/BoundMethod.php(87): Illuminate\Container\BoundMethod::Illuminate\Container\{closure}()
#18 /home/vagrant/Code/project/vendor/laravel/framework/src/Illuminate/Container/BoundMethod.php(31): Illuminate\Container\BoundMethod::callBoundMethod(Object(Illuminate\Foundation\Application), Array, Object(Closure))
#19 /home/vagrant/Code/project/vendor/laravel/framework/src/Illuminate/Container/Container.php(531): Illuminate\Container\BoundMethod::call(Object(Illuminate\Foundation\Application), Array, Array, NULL)
#20 /home/vagrant/Code/project/vendor/laravel/framework/src/Illuminate/Foundation/Support/Providers/RouteServiceProvider.php(71): Illuminate\Container\Container->call(Array)
#21 /home/vagrant/Code/project/vendor/laravel/framework/src/Illuminate/Foundation/Support/Providers/RouteServiceProvider.php(30): Illuminate\Foundation\Support\Providers\RouteServiceProvider->loadRoutes()
#22 /home/vagrant/Code/project/app/Providers/RouteServiceProvider.php(28): Illuminate\Foundation\Support\Providers\RouteServiceProvider->boot()
#23 [internal function]: App\Providers\RouteServiceProvider->boot()
#24 /home/vagrant/Code/project/vendor/laravel/framework/src/Illuminate/Container/BoundMethod.php(29): call_user_func_array(Array, Array)
#25 /home/vagrant/Code/project/vendor/laravel/framework/src/Illuminate/Container/BoundMethod.php(87): Illuminate\Container\BoundMethod::Illuminate\Container\{closure}()
#26 /home/vagrant/Code/project/vendor/laravel/framework/src/Illuminate/Container/BoundMethod.php(31): Illuminate\Container\BoundMethod::callBoundMethod(Object(Illuminate\Foundation\Application), Array, Object(Closure))
#27 /home/vagrant/Code/project/vendor/laravel/framework/src/Illuminate/Container/Container.php(531): Illuminate\Container\BoundMethod::call(Object(Illuminate\Foundation\Application), Array, Array, NULL)
#28 /home/vagrant/Code/project/vendor/laravel/framework/src/Illuminate/Foundation/Application.php(768): Illuminate\Container\Container->call(Array)
#29 /home/vagrant/Code/project/vendor/laravel/framework/src/Illuminate/Foundation/Application.php(751): Illuminate\Foundation\Application->bootProvider(Object(App\Providers\RouteServiceProvider))
#30 [internal function]: Illuminate\Foundation\Application->Illuminate\Foundation\{closure}(Object(App\Providers\RouteServiceProvider), 17)
#31 /home/vagrant/Code/project/vendor/laravel/framework/src/Illuminate/Foundation/Application.php(752): array_walk(Array, Object(Closure))
#32 /home/vagrant/Code/project/vendor/laravel/framework/src/Illuminate/Foundation/Bootstrap/BootProviders.php(17): Illuminate\Foundation\Application->boot()
#33 /home/vagrant/Code/project/vendor/laravel/framework/src/Illuminate/Foundation/Application.php(208): Illuminate\Foundation\Bootstrap\BootProviders->bootstrap(Object(Illuminate\Foundation\Application))
#34 /home/vagrant/Code/project/vendor/laravel/framework/src/Illuminate/Foundation/Http/Kernel.php(160): Illuminate\Foundation\Application->bootstrapWith(Array)
#35 /home/vagrant/Code/project/vendor/laravel/framework/src/Illuminate/Foundation/Http/Kernel.php(144): Illuminate\Foundation\Http\Kernel->bootstrap()
#36 /home/vagrant/Code/project/vendor/laravel/framework/src/Illuminate/Foundation/Http/Kernel.php(116): Illuminate\Foundation\Http\Kernel->sendRequestThroughRouter(Object(Illuminate\Http\Request))
#37 /home/vagrant/Code/project/public/index.php(53): Illuminate\Foundation\Http\Kernel->handle(Object(Illuminate\Http\Request))
#38 {main}  
[2017-05-02 17:45:19] local.ERROR: Symfony\Component\Debug\Exception\FatalThrowableError: Call to undefined method Illuminate\Routing\Route::get() in /home/vagrant/Code/project/vendor/laravel/framework/src/Illuminate/Routing/Route.php:825
Stack trace:
#0 /home/vagrant/Code/project/vendor/composer/ClassLoader.php(444): include()
#1 /home/vagrant/Code/project/vendor/composer/ClassLoader.php(322): Composer\Autoload\includeFile('/home/vagrant/C...')
#2 [internal function]: Composer\Autoload\ClassLoader->loadClass('Illuminate\\Rout...')
#3 /home/vagrant/Code/project/vendor/laravel/framework/src/Illuminate/Routing/Router.php(446): spl_autoload_call('Illuminate\\Rout...')
#4 /home/vagrant/Code/project/vendor/laravel/framework/src/Illuminate/Routing/Router.php(365): Illuminate\Routing\Router->newRoute(Array, 'api/user', Array)
#5 /home/vagrant/Code/project/vendor/laravel/framework/src/Illuminate/Routing/Router.php(344): Illuminate\Routing\Router->createRoute(Array, '/user', Array)
#6 /home/vagrant/Code/project/vendor/laravel/framework/src/Illuminate/Routing/Router.php(134): Illuminate\Routing\Router->addRoute(Array, '/user', Array)
#7 /home/vagrant/Code/project/vendor/laravel/framework/src/Illuminate/Routing/RouteRegistrar.php(134): Illuminate\Routing\Router->get('/user', Array)
#8 /home/vagrant/Code/project/vendor/laravel/framework/src/Illuminate/Routing/RouteRegistrar.php(166): Illuminate\Routing\RouteRegistrar->registerRoute('get', '/user', Array)
#9 /home/vagrant/Code/project/routes/api.php(18): Illuminate\Routing\RouteRegistrar->__call('get', Array)
#10 /home/vagrant/Code/project/vendor/laravel/framework/src/Illuminate/Routing/Router.php(314): require('/home/vagrant/C...')
#11 /home/vagrant/Code/project/vendor/laravel/framework/src/Illuminate/Routing/Router.php(270): Illuminate\Routing\Router->loadRoutes('/home/vagrant/C...')
#12 /home/vagrant/Code/project/vendor/laravel/framework/src/Illuminate/Routing/RouteRegistrar.php(104): Illuminate\Routing\Router->group(Array, '/home/vagrant/C...')
#13 /home/vagrant/Code/project/app/Providers/RouteServiceProvider.php(71): Illuminate\Routing\RouteRegistrar->group('/home/vagrant/C...')
#14 /home/vagrant/Code/project/app/Providers/RouteServiceProvider.php(38): App\Providers\RouteServiceProvider->mapApiRoutes()
#15 [internal function]: App\Providers\RouteServiceProvider->map()
#16 /home/vagrant/Code/project/vendor/laravel/framework/src/Illuminate/Container/BoundMethod.php(29): call_user_func_array(Array, Array)
#17 /home/vagrant/Code/project/vendor/laravel/framework/src/Illuminate/Container/BoundMethod.php(87): Illuminate\Container\BoundMethod::Illuminate\Container\{closure}()
#18 /home/vagrant/Code/project/vendor/laravel/framework/src/Illuminate/Container/BoundMethod.php(31): Illuminate\Container\BoundMethod::callBoundMethod(Object(Illuminate\Foundation\Application), Array, Object(Closure))
#19 /home/vagrant/Code/project/vendor/laravel/framework/src/Illuminate/Container/Container.php(531): Illuminate\Container\BoundMethod::call(Object(Illuminate\Foundation\Application), Array, Array, NULL)
#20 /home/vagrant/Code/project/vendor/laravel/framework/src/Illuminate/Foundation/Support/Providers/RouteServiceProvider.php(71): Illuminate\Container\Container->call(Array)
#21 /home/vagrant/Code/project/vendor/laravel/framework/src/Illuminate/Foundation/Support/Providers/RouteServiceProvider.php(30): Illuminate\Foundation\Support\Providers\RouteServiceProvider->loadRoutes()
#22 /home/vagrant/Code/project/app/Providers/RouteServiceProvider.php(28): Illuminate\Foundation\Support\Providers\RouteServiceProvider->boot()
#23 [internal function]: App\Providers\RouteServiceProvider->boot()
#24 /home/vagrant/Code/project/vendor/laravel/framework/src/Illuminate/Container/BoundMethod.php(29): call_user_func_array(Array, Array)
#25 /home/vagrant/Code/project/vendor/laravel/framework/src/Illuminate/Container/BoundMethod.php(87): Illuminate\Container\BoundMethod::Illuminate\Container\{closure}()
#26 /home/vagrant/Code/project/vendor/laravel/framework/src/Illuminate/Container/BoundMethod.php(31): Illuminate\Container\BoundMethod::callBoundMethod(Object(Illuminate\Foundation\Application), Array, Object(Closure))
#27 /home/vagrant/Code/project/vendor/laravel/framework/src/Illuminate/Container/Container.php(531): Illuminate\Container\BoundMethod::call(Object(Illuminate\Foundation\Application), Array, Array, NULL)
#28 /home/vagrant/Code/project/vendor/laravel/framework/src/Illuminate/Foundation/Application.php(768): Illuminate\Container\Container->call(Array)
#29 /home/vagrant/Code/project/vendor/laravel/framework/src/Illuminate/Foundation/Application.php(751): Illuminate\Foundation\Application->bootProvider(Object(App\Providers\RouteServiceProvider))
#30 [internal function]: Illuminate\Foundation\Application->Illuminate\Foundation\{closure}(Object(App\Providers\RouteServiceProvider), 17)
#31 /home/vagrant/Code/project/vendor/laravel/framework/src/Illuminate/Foundation/Application.php(752): array_walk(Array, Object(Closure))
#32 /home/vagrant/Code/project/vendor/laravel/framework/src/Illuminate/Foundation/Bootstrap/BootProviders.php(17): Illuminate\Foundation\Application->boot()
#33 /home/vagrant/Code/project/vendor/laravel/framework/src/Illuminate/Foundation/Application.php(208): Illuminate\Foundation\Bootstrap\BootProviders->bootstrap(Object(Illuminate\Foundation\Application))
#34 /home/vagrant/Code/project/vendor/laravel/framework/src/Illuminate/Foundation/Http/Kernel.php(160): Illuminate\Foundation\Application->bootstrapWith(Array)
#35 /home/vagrant/Code/project/vendor/laravel/framework/src/Illuminate/Foundation/Http/Kernel.php(144): Illuminate\Foundation\Http\Kernel->bootstrap()
#36 /home/vagrant/Code/project/vendor/laravel/framework/src/Illuminate/Foundation/Http/Kernel.php(116): Illuminate\Foundation\Http\Kernel->sendRequestThroughRouter(Object(Illuminate\Http\Request))
#37 /home/vagrant/Code/project/public/index.php(53): Illuminate\Foundation\Http\Kernel->handle(Object(Illuminate\Http\Request))
#38 {main}  
[2017-05-02 17:45:24] local.ERROR: Symfony\Component\Debug\Exception\FatalThrowableError: Call to undefined method Illuminate\Routing\Route::get() in /home/vagrant/Code/project/vendor/laravel/framework/src/Illuminate/Routing/Route.php:825
Stack trace:
#0 /home/vagrant/Code/project/vendor/composer/ClassLoader.php(444): include()
#1 /home/vagrant/Code/project/vendor/composer/ClassLoader.php(322): Composer\Autoload\includeFile('/home/vagrant/C...')
#2 [internal function]: Composer\Autoload\ClassLoader->loadClass('Illuminate\\Rout...')
#3 /home/vagrant/Code/project/vendor/laravel/framework/src/Illuminate/Routing/Router.php(446): spl_autoload_call('Illuminate\\Rout...')
#4 /home/vagrant/Code/project/vendor/laravel/framework/src/Illuminate/Routing/Router.php(365): Illuminate\Routing\Router->newRoute(Array, 'api/user', Array)
#5 /home/vagrant/Code/project/vendor/laravel/framework/src/Illuminate/Routing/Router.php(344): Illuminate\Routing\Router->createRoute(Array, '/user', Array)
#6 /home/vagrant/Code/project/vendor/laravel/framework/src/Illuminate/Routing/Router.php(134): Illuminate\Routing\Router->addRoute(Array, '/user', Array)
#7 /home/vagrant/Code/project/vendor/laravel/framework/src/Illuminate/Routing/RouteRegistrar.php(134): Illuminate\Routing\Router->get('/user', Array)
#8 /home/vagrant/Code/project/vendor/laravel/framework/src/Illuminate/Routing/RouteRegistrar.php(166): Illuminate\Routing\RouteRegistrar->registerRoute('get', '/user', Array)
#9 /home/vagrant/Code/project/routes/api.php(18): Illuminate\Routing\RouteRegistrar->__call('get', Array)
#10 /home/vagrant/Code/project/vendor/laravel/framework/src/Illuminate/Routing/Router.php(314): require('/home/vagrant/C...')
#11 /home/vagrant/Code/project/vendor/laravel/framework/src/Illuminate/Routing/Router.php(270): Illuminate\Routing\Router->loadRoutes('/home/vagrant/C...')
#12 /home/vagrant/Code/project/vendor/laravel/framework/src/Illuminate/Routing/RouteRegistrar.php(104): Illuminate\Routing\Router->group(Array, '/home/vagrant/C...')
#13 /home/vagrant/Code/project/app/Providers/RouteServiceProvider.php(71): Illuminate\Routing\RouteRegistrar->group('/home/vagrant/C...')
#14 /home/vagrant/Code/project/app/Providers/RouteServiceProvider.php(38): App\Providers\RouteServiceProvider->mapApiRoutes()
#15 [internal function]: App\Providers\RouteServiceProvider->map()
#16 /home/vagrant/Code/project/vendor/laravel/framework/src/Illuminate/Container/BoundMethod.php(29): call_user_func_array(Array, Array)
#17 /home/vagrant/Code/project/vendor/laravel/framework/src/Illuminate/Container/BoundMethod.php(87): Illuminate\Container\BoundMethod::Illuminate\Container\{closure}()
#18 /home/vagrant/Code/project/vendor/laravel/framework/src/Illuminate/Container/BoundMethod.php(31): Illuminate\Container\BoundMethod::callBoundMethod(Object(Illuminate\Foundation\Application), Array, Object(Closure))
#19 /home/vagrant/Code/project/vendor/laravel/framework/src/Illuminate/Container/Container.php(531): Illuminate\Container\BoundMethod::call(Object(Illuminate\Foundation\Application), Array, Array, NULL)
#20 /home/vagrant/Code/project/vendor/laravel/framework/src/Illuminate/Foundation/Support/Providers/RouteServiceProvider.php(71): Illuminate\Container\Container->call(Array)
#21 /home/vagrant/Code/project/vendor/laravel/framework/src/Illuminate/Foundation/Support/Providers/RouteServiceProvider.php(30): Illuminate\Foundation\Support\Providers\RouteServiceProvider->loadRoutes()
#22 /home/vagrant/Code/project/app/Providers/RouteServiceProvider.php(28): Illuminate\Foundation\Support\Providers\RouteServiceProvider->boot()
#23 [internal function]: App\Providers\RouteServiceProvider->boot()
#24 /home/vagrant/Code/project/vendor/laravel/framework/src/Illuminate/Container/BoundMethod.php(29): call_user_func_array(Array, Array)
#25 /home/vagrant/Code/project/vendor/laravel/framework/src/Illuminate/Container/BoundMethod.php(87): Illuminate\Container\BoundMethod::Illuminate\Container\{closure}()
#26 /home/vagrant/Code/project/vendor/laravel/framework/src/Illuminate/Container/BoundMethod.php(31): Illuminate\Container\BoundMethod::callBoundMethod(Object(Illuminate\Foundation\Application), Array, Object(Closure))
#27 /home/vagrant/Code/project/vendor/laravel/framework/src/Illuminate/Container/Container.php(531): Illuminate\Container\BoundMethod::call(Object(Illuminate\Foundation\Application), Array, Array, NULL)
#28 /home/vagrant/Code/project/vendor/laravel/framework/src/Illuminate/Foundation/Application.php(768): Illuminate\Container\Container->call(Array)
#29 /home/vagrant/Code/project/vendor/laravel/framework/src/Illuminate/Foundation/Application.php(751): Illuminate\Foundation\Application->bootProvider(Object(App\Providers\RouteServiceProvider))
#30 [internal function]: Illuminate\Foundation\Application->Illuminate\Foundation\{closure}(Object(App\Providers\RouteServiceProvider), 17)
#31 /home/vagrant/Code/project/vendor/laravel/framework/src/Illuminate/Foundation/Application.php(752): array_walk(Array, Object(Closure))
#32 /home/vagrant/Code/project/vendor/laravel/framework/src/Illuminate/Foundation/Bootstrap/BootProviders.php(17): Illuminate\Foundation\Application->boot()
#33 /home/vagrant/Code/project/vendor/laravel/framework/src/Illuminate/Foundation/Application.php(208): Illuminate\Foundation\Bootstrap\BootProviders->bootstrap(Object(Illuminate\Foundation\Application))
#34 /home/vagrant/Code/project/vendor/laravel/framework/src/Illuminate/Foundation/Http/Kernel.php(160): Illuminate\Foundation\Application->bootstrapWith(Array)
#35 /home/vagrant/Code/project/vendor/laravel/framework/src/Illuminate/Foundation/Http/Kernel.php(144): Illuminate\Foundation\Http\Kernel->bootstrap()
#36 /home/vagrant/Code/project/vendor/laravel/framework/src/Illuminate/Foundation/Http/Kernel.php(116): Illuminate\Foundation\Http\Kernel->sendRequestThroughRouter(Object(Illuminate\Http\Request))
#37 /home/vagrant/Code/project/public/index.php(53): Illuminate\Foundation\Http\Kernel->handle(Object(Illuminate\Http\Request))
#38 {main}  
[2017-05-02 17:52:27] local.ERROR: Symfony\Component\Console\Exception\CommandNotFoundException: Command "routes" is not defined.

Did you mean one of these?
    route:cache
    route:clear
    route:list in D:\laravel-projects\project\vendor\symfony\console\Application.php:546
Stack trace:
#0 D:\laravel-projects\project\vendor\symfony\console\Application.php(187): Symfony\Component\Console\Application->find('routes')
#1 D:\laravel-projects\project\vendor\symfony\console\Application.php(121): Symfony\Component\Console\Application->doRun(Object(Symfony\Component\Console\Input\ArgvInput), Object(Symfony\Component\Console\Output\ConsoleOutput))
#2 D:\laravel-projects\project\vendor\laravel\framework\src\Illuminate\Foundation\Console\Kernel.php(123): Symfony\Component\Console\Application->run(Object(Symfony\Component\Console\Input\ArgvInput), Object(Symfony\Component\Console\Output\ConsoleOutput))
#3 D:\laravel-projects\project\artisan(35): Illuminate\Foundation\Console\Kernel->handle(Object(Symfony\Component\Console\Input\ArgvInput), Object(Symfony\Component\Console\Output\ConsoleOutput))
#4 {main}  
[2017-05-02 18:23:57] local.ERROR: Symfony\Component\Debug\Exception\FatalThrowableError: Call to undefined method Illuminate\Routing\Route::getUri() in /home/vagrant/Code/project/vendor/laravel/framework/src/Illuminate/Routing/RouteCollection.php:64
Stack trace:
#0 /home/vagrant/Code/project/vendor/laravel/framework/src/Illuminate/Routing/RouteCollection.php(49): Illuminate\Routing\RouteCollection->addToCollections(Object(Illuminate\Routing\Route))
#1 /home/vagrant/Code/project/vendor/laravel/framework/src/Illuminate/Routing/Router.php(348): Illuminate\Routing\RouteCollection->add(Object(Illuminate\Routing\Route))
#2 /home/vagrant/Code/project/vendor/laravel/framework/src/Illuminate/Routing/Router.php(138): Illuminate\Routing\Router->addRoute(Array, '/user', Array)
#3 /home/vagrant/Code/project/vendor/laravel/framework/src/Illuminate/Routing/RouteRegistrar.php(134): Illuminate\Routing\Router->get('/user', Array)
#4 /home/vagrant/Code/project/vendor/laravel/framework/src/Illuminate/Routing/RouteRegistrar.php(166): Illuminate\Routing\RouteRegistrar->registerRoute('get', '/user', Array)
#5 /home/vagrant/Code/project/routes/api.php(18): Illuminate\Routing\RouteRegistrar->__call('get', Array)
#6 /home/vagrant/Code/project/vendor/laravel/framework/src/Illuminate/Routing/Router.php(318): require('/home/vagrant/C...')
#7 /home/vagrant/Code/project/vendor/laravel/framework/src/Illuminate/Routing/Router.php(274): Illuminate\Routing\Router->loadRoutes('/home/vagrant/C...')
#8 /home/vagrant/Code/project/vendor/laravel/framework/src/Illuminate/Routing/RouteRegistrar.php(104): Illuminate\Routing\Router->group(Array, '/home/vagrant/C...')
#9 /home/vagrant/Code/project/app/Providers/RouteServiceProvider.php(71): Illuminate\Routing\RouteRegistrar->group('/home/vagrant/C...')
#10 /home/vagrant/Code/project/app/Providers/RouteServiceProvider.php(38): App\Providers\RouteServiceProvider->mapApiRoutes()
#11 [internal function]: App\Providers\RouteServiceProvider->map()
#12 /home/vagrant/Code/project/vendor/laravel/framework/src/Illuminate/Container/BoundMethod.php(29): call_user_func_array(Array, Array)
#13 /home/vagrant/Code/project/vendor/laravel/framework/src/Illuminate/Container/BoundMethod.php(87): Illuminate\Container\BoundMethod::Illuminate\Container\{closure}()
#14 /home/vagrant/Code/project/vendor/laravel/framework/src/Illuminate/Container/BoundMethod.php(31): Illuminate\Container\BoundMethod::callBoundMethod(Object(Illuminate\Foundation\Application), Array, Object(Closure))
#15 /home/vagrant/Code/project/vendor/laravel/framework/src/Illuminate/Container/Container.php(531): Illuminate\Container\BoundMethod::call(Object(Illuminate\Foundation\Application), Array, Array, NULL)
#16 /home/vagrant/Code/project/vendor/laravel/framework/src/Illuminate/Foundation/Support/Providers/RouteServiceProvider.php(71): Illuminate\Container\Container->call(Array)
#17 /home/vagrant/Code/project/vendor/laravel/framework/src/Illuminate/Foundation/Support/Providers/RouteServiceProvider.php(30): Illuminate\Foundation\Support\Providers\RouteServiceProvider->loadRoutes()
#18 /home/vagrant/Code/project/app/Providers/RouteServiceProvider.php(28): Illuminate\Foundation\Support\Providers\RouteServiceProvider->boot()
#19 [internal function]: App\Providers\RouteServiceProvider->boot()
#20 /home/vagrant/Code/project/vendor/laravel/framework/src/Illuminate/Container/BoundMethod.php(29): call_user_func_array(Array, Array)
#21 /home/vagrant/Code/project/vendor/laravel/framework/src/Illuminate/Container/BoundMethod.php(87): Illuminate\Container\BoundMethod::Illuminate\Container\{closure}()
#22 /home/vagrant/Code/project/vendor/laravel/framework/src/Illuminate/Container/BoundMethod.php(31): Illuminate\Container\BoundMethod::callBoundMethod(Object(Illuminate\Foundation\Application), Array, Object(Closure))
#23 /home/vagrant/Code/project/vendor/laravel/framework/src/Illuminate/Container/Container.php(531): Illuminate\Container\BoundMethod::call(Object(Illuminate\Foundation\Application), Array, Array, NULL)
#24 /home/vagrant/Code/project/vendor/laravel/framework/src/Illuminate/Foundation/Application.php(768): Illuminate\Container\Container->call(Array)
#25 /home/vagrant/Code/project/vendor/laravel/framework/src/Illuminate/Foundation/Application.php(751): Illuminate\Foundation\Application->bootProvider(Object(App\Providers\RouteServiceProvider))
#26 [internal function]: Illuminate\Foundation\Application->Illuminate\Foundation\{closure}(Object(App\Providers\RouteServiceProvider), 17)
#27 /home/vagrant/Code/project/vendor/laravel/framework/src/Illuminate/Foundation/Application.php(752): array_walk(Array, Object(Closure))
#28 /home/vagrant/Code/project/vendor/laravel/framework/src/Illuminate/Foundation/Bootstrap/BootProviders.php(17): Illuminate\Foundation\Application->boot()
#29 /home/vagrant/Code/project/vendor/laravel/framework/src/Illuminate/Foundation/Application.php(208): Illuminate\Foundation\Bootstrap\BootProviders->bootstrap(Object(Illuminate\Foundation\Application))
#30 /home/vagrant/Code/project/vendor/laravel/framework/src/Illuminate/Foundation/Http/Kernel.php(160): Illuminate\Foundation\Application->bootstrapWith(Array)
#31 /home/vagrant/Code/project/vendor/laravel/framework/src/Illuminate/Foundation/Http/Kernel.php(144): Illuminate\Foundation\Http\Kernel->bootstrap()
#32 /home/vagrant/Code/project/vendor/laravel/framework/src/Illuminate/Foundation/Http/Kernel.php(116): Illuminate\Foundation\Http\Kernel->sendRequestThroughRouter(Object(Illuminate\Http\Request))
#33 /home/vagrant/Code/project/public/index.php(53): Illuminate\Foundation\Http\Kernel->handle(Object(Illuminate\Http\Request))
#34 {main}  
[2017-05-02 18:24:04] local.ERROR: Symfony\Component\Debug\Exception\FatalThrowableError: Call to undefined method Illuminate\Routing\Route::getUri() in /home/vagrant/Code/project/vendor/laravel/framework/src/Illuminate/Routing/RouteCollection.php:64
Stack trace:
#0 /home/vagrant/Code/project/vendor/laravel/framework/src/Illuminate/Routing/RouteCollection.php(49): Illuminate\Routing\RouteCollection->addToCollections(Object(Illuminate\Routing\Route))
#1 /home/vagrant/Code/project/vendor/laravel/framework/src/Illuminate/Routing/Router.php(348): Illuminate\Routing\RouteCollection->add(Object(Illuminate\Routing\Route))
#2 /home/vagrant/Code/project/vendor/laravel/framework/src/Illuminate/Routing/Router.php(138): Illuminate\Routing\Router->addRoute(Array, '/user', Array)
#3 /home/vagrant/Code/project/vendor/laravel/framework/src/Illuminate/Routing/RouteRegistrar.php(134): Illuminate\Routing\Router->get('/user', Array)
#4 /home/vagrant/Code/project/vendor/laravel/framework/src/Illuminate/Routing/RouteRegistrar.php(166): Illuminate\Routing\RouteRegistrar->registerRoute('get', '/user', Array)
#5 /home/vagrant/Code/project/routes/api.php(18): Illuminate\Routing\RouteRegistrar->__call('get', Array)
#6 /home/vagrant/Code/project/vendor/laravel/framework/src/Illuminate/Routing/Router.php(318): require('/home/vagrant/C...')
#7 /home/vagrant/Code/project/vendor/laravel/framework/src/Illuminate/Routing/Router.php(274): Illuminate\Routing\Router->loadRoutes('/home/vagrant/C...')
#8 /home/vagrant/Code/project/vendor/laravel/framework/src/Illuminate/Routing/RouteRegistrar.php(104): Illuminate\Routing\Router->group(Array, '/home/vagrant/C...')
#9 /home/vagrant/Code/project/app/Providers/RouteServiceProvider.php(71): Illuminate\Routing\RouteRegistrar->group('/home/vagrant/C...')
#10 /home/vagrant/Code/project/app/Providers/RouteServiceProvider.php(38): App\Providers\RouteServiceProvider->mapApiRoutes()
#11 [internal function]: App\Providers\RouteServiceProvider->map()
#12 /home/vagrant/Code/project/vendor/laravel/framework/src/Illuminate/Container/BoundMethod.php(29): call_user_func_array(Array, Array)
#13 /home/vagrant/Code/project/vendor/laravel/framework/src/Illuminate/Container/BoundMethod.php(87): Illuminate\Container\BoundMethod::Illuminate\Container\{closure}()
#14 /home/vagrant/Code/project/vendor/laravel/framework/src/Illuminate/Container/BoundMethod.php(31): Illuminate\Container\BoundMethod::callBoundMethod(Object(Illuminate\Foundation\Application), Array, Object(Closure))
#15 /home/vagrant/Code/project/vendor/laravel/framework/src/Illuminate/Container/Container.php(531): Illuminate\Container\BoundMethod::call(Object(Illuminate\Foundation\Application), Array, Array, NULL)
#16 /home/vagrant/Code/project/vendor/laravel/framework/src/Illuminate/Foundation/Support/Providers/RouteServiceProvider.php(71): Illuminate\Container\Container->call(Array)
#17 /home/vagrant/Code/project/vendor/laravel/framework/src/Illuminate/Foundation/Support/Providers/RouteServiceProvider.php(30): Illuminate\Foundation\Support\Providers\RouteServiceProvider->loadRoutes()
#18 /home/vagrant/Code/project/app/Providers/RouteServiceProvider.php(28): Illuminate\Foundation\Support\Providers\RouteServiceProvider->boot()
#19 [internal function]: App\Providers\RouteServiceProvider->boot()
#20 /home/vagrant/Code/project/vendor/laravel/framework/src/Illuminate/Container/BoundMethod.php(29): call_user_func_array(Array, Array)
#21 /home/vagrant/Code/project/vendor/laravel/framework/src/Illuminate/Container/BoundMethod.php(87): Illuminate\Container\BoundMethod::Illuminate\Container\{closure}()
#22 /home/vagrant/Code/project/vendor/laravel/framework/src/Illuminate/Container/BoundMethod.php(31): Illuminate\Container\BoundMethod::callBoundMethod(Object(Illuminate\Foundation\Application), Array, Object(Closure))
#23 /home/vagrant/Code/project/vendor/laravel/framework/src/Illuminate/Container/Container.php(531): Illuminate\Container\BoundMethod::call(Object(Illuminate\Foundation\Application), Array, Array, NULL)
#24 /home/vagrant/Code/project/vendor/laravel/framework/src/Illuminate/Foundation/Application.php(768): Illuminate\Container\Container->call(Array)
#25 /home/vagrant/Code/project/vendor/laravel/framework/src/Illuminate/Foundation/Application.php(751): Illuminate\Foundation\Application->bootProvider(Object(App\Providers\RouteServiceProvider))
#26 [internal function]: Illuminate\Foundation\Application->Illuminate\Foundation\{closure}(Object(App\Providers\RouteServiceProvider), 17)
#27 /home/vagrant/Code/project/vendor/laravel/framework/src/Illuminate/Foundation/Application.php(752): array_walk(Array, Object(Closure))
#28 /home/vagrant/Code/project/vendor/laravel/framework/src/Illuminate/Foundation/Bootstrap/BootProviders.php(17): Illuminate\Foundation\Application->boot()
#29 /home/vagrant/Code/project/vendor/laravel/framework/src/Illuminate/Foundation/Application.php(208): Illuminate\Foundation\Bootstrap\BootProviders->bootstrap(Object(Illuminate\Foundation\Application))
#30 /home/vagrant/Code/project/vendor/laravel/framework/src/Illuminate/Foundation/Http/Kernel.php(160): Illuminate\Foundation\Application->bootstrapWith(Array)
#31 /home/vagrant/Code/project/vendor/laravel/framework/src/Illuminate/Foundation/Http/Kernel.php(144): Illuminate\Foundation\Http\Kernel->bootstrap()
#32 /home/vagrant/Code/project/vendor/laravel/framework/src/Illuminate/Foundation/Http/Kernel.php(116): Illuminate\Foundation\Http\Kernel->sendRequestThroughRouter(Object(Illuminate\Http\Request))
#33 /home/vagrant/Code/project/public/index.php(53): Illuminate\Foundation\Http\Kernel->handle(Object(Illuminate\Http\Request))
#34 {main}  
[2017-05-02 18:24:07] local.ERROR: Symfony\Component\Debug\Exception\FatalThrowableError: Call to undefined method Illuminate\Routing\Route::getUri() in /home/vagrant/Code/project/vendor/laravel/framework/src/Illuminate/Routing/RouteCollection.php:64
Stack trace:
#0 /home/vagrant/Code/project/vendor/laravel/framework/src/Illuminate/Routing/RouteCollection.php(49): Illuminate\Routing\RouteCollection->addToCollections(Object(Illuminate\Routing\Route))
#1 /home/vagrant/Code/project/vendor/laravel/framework/src/Illuminate/Routing/Router.php(348): Illuminate\Routing\RouteCollection->add(Object(Illuminate\Routing\Route))
#2 /home/vagrant/Code/project/vendor/laravel/framework/src/Illuminate/Routing/Router.php(138): Illuminate\Routing\Router->addRoute(Array, '/user', Array)
#3 /home/vagrant/Code/project/vendor/laravel/framework/src/Illuminate/Routing/RouteRegistrar.php(134): Illuminate\Routing\Router->get('/user', Array)
#4 /home/vagrant/Code/project/vendor/laravel/framework/src/Illuminate/Routing/RouteRegistrar.php(166): Illuminate\Routing\RouteRegistrar->registerRoute('get', '/user', Array)
#5 /home/vagrant/Code/project/routes/api.php(18): Illuminate\Routing\RouteRegistrar->__call('get', Array)
#6 /home/vagrant/Code/project/vendor/laravel/framework/src/Illuminate/Routing/Router.php(318): require('/home/vagrant/C...')
#7 /home/vagrant/Code/project/vendor/laravel/framework/src/Illuminate/Routing/Router.php(274): Illuminate\Routing\Router->loadRoutes('/home/vagrant/C...')
#8 /home/vagrant/Code/project/vendor/laravel/framework/src/Illuminate/Routing/RouteRegistrar.php(104): Illuminate\Routing\Router->group(Array, '/home/vagrant/C...')
#9 /home/vagrant/Code/project/app/Providers/RouteServiceProvider.php(71): Illuminate\Routing\RouteRegistrar->group('/home/vagrant/C...')
#10 /home/vagrant/Code/project/app/Providers/RouteServiceProvider.php(38): App\Providers\RouteServiceProvider->mapApiRoutes()
#11 [internal function]: App\Providers\RouteServiceProvider->map()
#12 /home/vagrant/Code/project/vendor/laravel/framework/src/Illuminate/Container/BoundMethod.php(29): call_user_func_array(Array, Array)
#13 /home/vagrant/Code/project/vendor/laravel/framework/src/Illuminate/Container/BoundMethod.php(87): Illuminate\Container\BoundMethod::Illuminate\Container\{closure}()
#14 /home/vagrant/Code/project/vendor/laravel/framework/src/Illuminate/Container/BoundMethod.php(31): Illuminate\Container\BoundMethod::callBoundMethod(Object(Illuminate\Foundation\Application), Array, Object(Closure))
#15 /home/vagrant/Code/project/vendor/laravel/framework/src/Illuminate/Container/Container.php(531): Illuminate\Container\BoundMethod::call(Object(Illuminate\Foundation\Application), Array, Array, NULL)
#16 /home/vagrant/Code/project/vendor/laravel/framework/src/Illuminate/Foundation/Support/Providers/RouteServiceProvider.php(71): Illuminate\Container\Container->call(Array)
#17 /home/vagrant/Code/project/vendor/laravel/framework/src/Illuminate/Foundation/Support/Providers/RouteServiceProvider.php(30): Illuminate\Foundation\Support\Providers\RouteServiceProvider->loadRoutes()
#18 /home/vagrant/Code/project/app/Providers/RouteServiceProvider.php(28): Illuminate\Foundation\Support\Providers\RouteServiceProvider->boot()
#19 [internal function]: App\Providers\RouteServiceProvider->boot()
#20 /home/vagrant/Code/project/vendor/laravel/framework/src/Illuminate/Container/BoundMethod.php(29): call_user_func_array(Array, Array)
#21 /home/vagrant/Code/project/vendor/laravel/framework/src/Illuminate/Container/BoundMethod.php(87): Illuminate\Container\BoundMethod::Illuminate\Container\{closure}()
#22 /home/vagrant/Code/project/vendor/laravel/framework/src/Illuminate/Container/BoundMethod.php(31): Illuminate\Container\BoundMethod::callBoundMethod(Object(Illuminate\Foundation\Application), Array, Object(Closure))
#23 /home/vagrant/Code/project/vendor/laravel/framework/src/Illuminate/Container/Container.php(531): Illuminate\Container\BoundMethod::call(Object(Illuminate\Foundation\Application), Array, Array, NULL)
#24 /home/vagrant/Code/project/vendor/laravel/framework/src/Illuminate/Foundation/Application.php(768): Illuminate\Container\Container->call(Array)
#25 /home/vagrant/Code/project/vendor/laravel/framework/src/Illuminate/Foundation/Application.php(751): Illuminate\Foundation\Application->bootProvider(Object(App\Providers\RouteServiceProvider))
#26 [internal function]: Illuminate\Foundation\Application->Illuminate\Foundation\{closure}(Object(App\Providers\RouteServiceProvider), 17)
#27 /home/vagrant/Code/project/vendor/laravel/framework/src/Illuminate/Foundation/Application.php(752): array_walk(Array, Object(Closure))
#28 /home/vagrant/Code/project/vendor/laravel/framework/src/Illuminate/Foundation/Bootstrap/BootProviders.php(17): Illuminate\Foundation\Application->boot()
#29 /home/vagrant/Code/project/vendor/laravel/framework/src/Illuminate/Foundation/Application.php(208): Illuminate\Foundation\Bootstrap\BootProviders->bootstrap(Object(Illuminate\Foundation\Application))
#30 /home/vagrant/Code/project/vendor/laravel/framework/src/Illuminate/Foundation/Http/Kernel.php(160): Illuminate\Foundation\Application->bootstrapWith(Array)
#31 /home/vagrant/Code/project/vendor/laravel/framework/src/Illuminate/Foundation/Http/Kernel.php(144): Illuminate\Foundation\Http\Kernel->bootstrap()
#32 /home/vagrant/Code/project/vendor/laravel/framework/src/Illuminate/Foundation/Http/Kernel.php(116): Illuminate\Foundation\Http\Kernel->sendRequestThroughRouter(Object(Illuminate\Http\Request))
#33 /home/vagrant/Code/project/public/index.php(53): Illuminate\Foundation\Http\Kernel->handle(Object(Illuminate\Http\Request))
#34 {main}  
[2017-05-03 07:20:15] local.ERROR: ReflectionException: Class App\Http\Controllers\AdsController does not exist in /home/vagrant/Code/project/vendor/laravel/framework/src/Illuminate/Container/Container.php:719
Stack trace:
#0 /home/vagrant/Code/project/vendor/laravel/framework/src/Illuminate/Container/Container.php(719): ReflectionClass->__construct('App\\Http\\Contro...')
#1 /home/vagrant/Code/project/vendor/laravel/framework/src/Illuminate/Container/Container.php(598): Illuminate\Container\Container->build('App\\Http\\Contro...')
#2 /home/vagrant/Code/project/vendor/laravel/framework/src/Illuminate/Container/Container.php(567): Illuminate\Container\Container->resolve('App\\Http\\Contro...')
#3 /home/vagrant/Code/project/vendor/laravel/framework/src/Illuminate/Foundation/Application.php(708): Illuminate\Container\Container->make('App\\Http\\Contro...')
#4 /home/vagrant/Code/project/vendor/laravel/framework/src/Illuminate/Routing/Route.php(217): Illuminate\Foundation\Application->make('App\\Http\\Contro...')
#5 /home/vagrant/Code/project/vendor/laravel/framework/src/Illuminate/Routing/Route.php(736): Illuminate\Routing\Route->getController()
#6 /home/vagrant/Code/project/vendor/laravel/framework/src/Illuminate/Routing/Route.php(697): Illuminate\Routing\Route->controllerMiddleware()
#7 /home/vagrant/Code/project/vendor/laravel/framework/src/Illuminate/Routing/Router.php(576): Illuminate\Routing\Route->gatherMiddleware()
#8 /home/vagrant/Code/project/vendor/laravel/framework/src/Illuminate/Routing/Router.php(556): Illuminate\Routing\Router->gatherRouteMiddleware(Object(Illuminate\Routing\Route))
#9 /home/vagrant/Code/project/vendor/laravel/framework/src/Illuminate/Routing/Router.php(524): Illuminate\Routing\Router->runRouteWithinStack(Object(Illuminate\Routing\Route), Object(Illuminate\Http\Request))
#10 /home/vagrant/Code/project/vendor/laravel/framework/src/Illuminate/Routing/Router.php(502): Illuminate\Routing\Router->dispatchToRoute(Object(Illuminate\Http\Request))
#11 /home/vagrant/Code/project/vendor/laravel/framework/src/Illuminate/Foundation/Http/Kernel.php(174): Illuminate\Routing\Router->dispatch(Object(Illuminate\Http\Request))
#12 /home/vagrant/Code/project/vendor/laravel/framework/src/Illuminate/Routing/Pipeline.php(30): Illuminate\Foundation\Http\Kernel->Illuminate\Foundation\Http\{closure}(Object(Illuminate\Http\Request))
#13 /home/vagrant/Code/project/vendor/laravel/framework/src/Illuminate/Foundation/Http/Middleware/TransformsRequest.php(30): Illuminate\Routing\Pipeline->Illuminate\Routing\{closure}(Object(Illuminate\Http\Request))
#14 /home/vagrant/Code/project/vendor/laravel/framework/src/Illuminate/Pipeline/Pipeline.php(148): Illuminate\Foundation\Http\Middleware\TransformsRequest->handle(Object(Illuminate\Http\Request), Object(Closure))
#15 /home/vagrant/Code/project/vendor/laravel/framework/src/Illuminate/Routing/Pipeline.php(53): Illuminate\Pipeline\Pipeline->Illuminate\Pipeline\{closure}(Object(Illuminate\Http\Request))
#16 /home/vagrant/Code/project/vendor/laravel/framework/src/Illuminate/Foundation/Http/Middleware/TransformsRequest.php(30): Illuminate\Routing\Pipeline->Illuminate\Routing\{closure}(Object(Illuminate\Http\Request))
#17 /home/vagrant/Code/project/vendor/laravel/framework/src/Illuminate/Pipeline/Pipeline.php(148): Illuminate\Foundation\Http\Middleware\TransformsRequest->handle(Object(Illuminate\Http\Request), Object(Closure))
#18 /home/vagrant/Code/project/vendor/laravel/framework/src/Illuminate/Routing/Pipeline.php(53): Illuminate\Pipeline\Pipeline->Illuminate\Pipeline\{closure}(Object(Illuminate\Http\Request))
#19 /home/vagrant/Code/project/vendor/laravel/framework/src/Illuminate/Foundation/Http/Middleware/ValidatePostSize.php(27): Illuminate\Routing\Pipeline->Illuminate\Routing\{closure}(Object(Illuminate\Http\Request))
#20 /home/vagrant/Code/project/vendor/laravel/framework/src/Illuminate/Pipeline/Pipeline.php(148): Illuminate\Foundation\Http\Middleware\ValidatePostSize->handle(Object(Illuminate\Http\Request), Object(Closure))
#21 /home/vagrant/Code/project/vendor/laravel/framework/src/Illuminate/Routing/Pipeline.php(53): Illuminate\Pipeline\Pipeline->Illuminate\Pipeline\{closure}(Object(Illuminate\Http\Request))
#22 /home/vagrant/Code/project/vendor/laravel/framework/src/Illuminate/Foundation/Http/Middleware/CheckForMaintenanceMode.php(46): Illuminate\Routing\Pipeline->Illuminate\Routing\{closure}(Object(Illuminate\Http\Request))
#23 /home/vagrant/Code/project/vendor/laravel/framework/src/Illuminate/Pipeline/Pipeline.php(148): Illuminate\Foundation\Http\Middleware\CheckForMaintenanceMode->handle(Object(Illuminate\Http\Request), Object(Closure))
#24 /home/vagrant/Code/project/vendor/laravel/framework/src/Illuminate/Routing/Pipeline.php(53): Illuminate\Pipeline\Pipeline->Illuminate\Pipeline\{closure}(Object(Illuminate\Http\Request))
#25 /home/vagrant/Code/project/vendor/laravel/framework/src/Illuminate/Pipeline/Pipeline.php(102): Illuminate\Routing\Pipeline->Illuminate\Routing\{closure}(Object(Illuminate\Http\Request))
#26 /home/vagrant/Code/project/vendor/laravel/framework/src/Illuminate/Foundation/Http/Kernel.php(149): Illuminate\Pipeline\Pipeline->then(Object(Closure))
#27 /home/vagrant/Code/project/vendor/laravel/framework/src/Illuminate/Foundation/Http/Kernel.php(116): Illuminate\Foundation\Http\Kernel->sendRequestThroughRouter(Object(Illuminate\Http\Request))
#28 /home/vagrant/Code/project/public/index.php(53): Illuminate\Foundation\Http\Kernel->handle(Object(Illuminate\Http\Request))
#29 {main}  
[2017-05-03 09:58:55] local.ERROR: ReflectionException: Class App\Http\Controllers\AdsController does not exist in /home/vagrant/Code/project/vendor/laravel/framework/src/Illuminate/Container/Container.php:719
Stack trace:
#0 /home/vagrant/Code/project/vendor/laravel/framework/src/Illuminate/Container/Container.php(719): ReflectionClass->__construct('App\\Http\\Contro...')
#1 /home/vagrant/Code/project/vendor/laravel/framework/src/Illuminate/Container/Container.php(598): Illuminate\Container\Container->build('App\\Http\\Contro...')
#2 /home/vagrant/Code/project/vendor/laravel/framework/src/Illuminate/Container/Container.php(567): Illuminate\Container\Container->resolve('App\\Http\\Contro...')
#3 /home/vagrant/Code/project/vendor/laravel/framework/src/Illuminate/Foundation/Application.php(708): Illuminate\Container\Container->make('App\\Http\\Contro...')
#4 /home/vagrant/Code/project/vendor/laravel/framework/src/Illuminate/Routing/Route.php(217): Illuminate\Foundation\Application->make('App\\Http\\Contro...')
#5 /home/vagrant/Code/project/vendor/laravel/framework/src/Illuminate/Routing/Route.php(736): Illuminate\Routing\Route->getController()
#6 /home/vagrant/Code/project/vendor/laravel/framework/src/Illuminate/Routing/Route.php(697): Illuminate\Routing\Route->controllerMiddleware()
#7 /home/vagrant/Code/project/vendor/laravel/framework/src/Illuminate/Routing/Router.php(576): Illuminate\Routing\Route->gatherMiddleware()
#8 /home/vagrant/Code/project/vendor/laravel/framework/src/Illuminate/Routing/Router.php(556): Illuminate\Routing\Router->gatherRouteMiddleware(Object(Illuminate\Routing\Route))
#9 /home/vagrant/Code/project/vendor/laravel/framework/src/Illuminate/Routing/Router.php(524): Illuminate\Routing\Router->runRouteWithinStack(Object(Illuminate\Routing\Route), Object(Illuminate\Http\Request))
#10 /home/vagrant/Code/project/vendor/laravel/framework/src/Illuminate/Routing/Router.php(502): Illuminate\Routing\Router->dispatchToRoute(Object(Illuminate\Http\Request))
#11 /home/vagrant/Code/project/vendor/laravel/framework/src/Illuminate/Foundation/Http/Kernel.php(174): Illuminate\Routing\Router->dispatch(Object(Illuminate\Http\Request))
#12 /home/vagrant/Code/project/vendor/laravel/framework/src/Illuminate/Routing/Pipeline.php(30): Illuminate\Foundation\Http\Kernel->Illuminate\Foundation\Http\{closure}(Object(Illuminate\Http\Request))
#13 /home/vagrant/Code/project/vendor/laravel/framework/src/Illuminate/Foundation/Http/Middleware/TransformsRequest.php(30): Illuminate\Routing\Pipeline->Illuminate\Routing\{closure}(Object(Illuminate\Http\Request))
#14 /home/vagrant/Code/project/vendor/laravel/framework/src/Illuminate/Pipeline/Pipeline.php(148): Illuminate\Foundation\Http\Middleware\TransformsRequest->handle(Object(Illuminate\Http\Request), Object(Closure))
#15 /home/vagrant/Code/project/vendor/laravel/framework/src/Illuminate/Routing/Pipeline.php(53): Illuminate\Pipeline\Pipeline->Illuminate\Pipeline\{closure}(Object(Illuminate\Http\Request))
#16 /home/vagrant/Code/project/vendor/laravel/framework/src/Illuminate/Foundation/Http/Middleware/TransformsRequest.php(30): Illuminate\Routing\Pipeline->Illuminate\Routing\{closure}(Object(Illuminate\Http\Request))
#17 /home/vagrant/Code/project/vendor/laravel/framework/src/Illuminate/Pipeline/Pipeline.php(148): Illuminate\Foundation\Http\Middleware\TransformsRequest->handle(Object(Illuminate\Http\Request), Object(Closure))
#18 /home/vagrant/Code/project/vendor/laravel/framework/src/Illuminate/Routing/Pipeline.php(53): Illuminate\Pipeline\Pipeline->Illuminate\Pipeline\{closure}(Object(Illuminate\Http\Request))
#19 /home/vagrant/Code/project/vendor/laravel/framework/src/Illuminate/Foundation/Http/Middleware/ValidatePostSize.php(27): Illuminate\Routing\Pipeline->Illuminate\Routing\{closure}(Object(Illuminate\Http\Request))
#20 /home/vagrant/Code/project/vendor/laravel/framework/src/Illuminate/Pipeline/Pipeline.php(148): Illuminate\Foundation\Http\Middleware\ValidatePostSize->handle(Object(Illuminate\Http\Request), Object(Closure))
#21 /home/vagrant/Code/project/vendor/laravel/framework/src/Illuminate/Routing/Pipeline.php(53): Illuminate\Pipeline\Pipeline->Illuminate\Pipeline\{closure}(Object(Illuminate\Http\Request))
#22 /home/vagrant/Code/project/vendor/laravel/framework/src/Illuminate/Foundation/Http/Middleware/CheckForMaintenanceMode.php(46): Illuminate\Routing\Pipeline->Illuminate\Routing\{closure}(Object(Illuminate\Http\Request))
#23 /home/vagrant/Code/project/vendor/laravel/framework/src/Illuminate/Pipeline/Pipeline.php(148): Illuminate\Foundation\Http\Middleware\CheckForMaintenanceMode->handle(Object(Illuminate\Http\Request), Object(Closure))
#24 /home/vagrant/Code/project/vendor/laravel/framework/src/Illuminate/Routing/Pipeline.php(53): Illuminate\Pipeline\Pipeline->Illuminate\Pipeline\{closure}(Object(Illuminate\Http\Request))
#25 /home/vagrant/Code/project/vendor/laravel/framework/src/Illuminate/Pipeline/Pipeline.php(102): Illuminate\Routing\Pipeline->Illuminate\Routing\{closure}(Object(Illuminate\Http\Request))
#26 /home/vagrant/Code/project/vendor/laravel/framework/src/Illuminate/Foundation/Http/Kernel.php(149): Illuminate\Pipeline\Pipeline->then(Object(Closure))
#27 /home/vagrant/Code/project/vendor/laravel/framework/src/Illuminate/Foundation/Http/Kernel.php(116): Illuminate\Foundation\Http\Kernel->sendRequestThroughRouter(Object(Illuminate\Http\Request))
#28 /home/vagrant/Code/project/public/index.php(53): Illuminate\Foundation\Http\Kernel->handle(Object(Illuminate\Http\Request))
#29 {main}  
